2024-03-04 15:53:39,250 ERROR [default] HidGuid = {{{:08x}-{:04x}-{:04x}-{:02x}{:02x}-{:02x}{:02x}{:02x}{:02x}{:02x}{:02x}}}
hDevInfoSet Handle: {}
byteArrayBuffer ({}): {}
byteArrayBuffer ({}): {}
byteArrayBuffer ({}): {}
Failed to find Rokid Max
2024-03-04 15:53:39,250 ERROR [default] Did not find Rokid Max.
2024-03-04 16:00:25,611 ERROR [default] HidGuid = {{{:08x}-{:04x}-{:04x}-{:02x}{:02x}-{:02x}{:02x}{:02x}{:02x}{:02x}{:02x}}}
hDevInfoSet Handle: {}
byteArrayBuffer ({}): {}
byteArrayBuffer ({}): {}
byteArrayBuffer ({}): {}
Failed to find Rokid Max
2024-03-04 16:00:25,611 ERROR [default] Did not find Rokid Max.
2024-03-04 20:23:17,526 ERROR [default] HidGuid = {{{:08x}-{:04x}-{:04x}-{:02x}{:02x}-{:02x}{:02x}{:02x}{:02x}{:02x}{:02x}}}
hDevInfoSet Handle: {}
byteArrayBuffer ({}): {}
byteArrayBuffer ({}): {}
byteArrayBuffer ({}): {}
byteArrayBuffer ({}): {}
byteArrayBuffer ({}): {}
byteArrayBuffer ({}): {}
Failed to find Rokid Max
2024-03-04 20:23:17,528 ERROR [default] Did not find Rokid Max.
2024-03-04 20:25:48,746 ERROR [default] HidGuid = {{{:08x}-{:04x}-{:04x}-{:02x}{:02x}-{:02x}{:02x}{:02x}{:02x}{:02x}{:02x}}}
hDevInfoSet Handle: {}
byteArrayBuffer ({}): {}
byteArrayBuffer ({}): {}
byteArrayBuffer ({}): {}
Failed to find Rokid Max
2024-03-04 20:25:48,746 ERROR [default] Did not find Rokid Max.
2024-03-04 20:25:56,648 ERROR [default] HidGuid = {{{:08x}-{:04x}-{:04x}-{:02x}{:02x}-{:02x}{:02x}{:02x}{:02x}{:02x}{:02x}}}
hDevInfoSet Handle: {}
byteArrayBuffer ({}): {}
byteArrayBuffer ({}): {}
byteArrayBuffer ({}): {}
byteArrayBuffer ({}): {}
byteArrayBuffer ({}): {}
byteArrayBuffer ({}): {}
Failed to find Rokid Max
2024-03-04 20:25:56,648 ERROR [default] Did not find Rokid Max.
2024-03-04 21:12:20,743 ERROR [default] HidGuid = {{{:08x}-{:04x}-{:04x}-{:02x}{:02x}-{:02x}{:02x}{:02x}{:02x}{:02x}{:02x}}}
hDevInfoSet Handle: {}
byteArrayBuffer ({}): {}
byteArrayBuffer ({}): {}
byteArrayBuffer ({}): {}
byteArrayBuffer ({}): {}
byteArrayBuffer ({}): {}
byteArrayBuffer ({}): {}
Failed to find Rokid Max
2024-03-04 21:12:20,743 ERROR [default] Did not find Rokid Max.
